Los_Angeles,_CA Atlanta,_GA re hiring click apply pantry chef hospitality foodandbeverage losangeles ca 
Manhattan,_NY Atlanta,_GA update construction m10bus directions eighth avenue 57th street 
Toronto,_Ontario Atlanta,_GA finally starting feel like spring toronto ontario 
Toronto,_Ontario Atlanta,_GA robert cooke cooperative homes toronto ontario 
Atlanta,_GA Atlanta,_GA just cocacola entrepreneur ootd fashionmoguls fullyonfleek theview thewave 
Los_Angeles,_CA Atlanta,_GA schmo goes one one legend james goldstein stay tuned legendary interview 
Chicago,_IL Atlanta,_GA super fun spin essential chicago design concept complete vip whisky tastings 
San_Francisco,_CA Atlanta,_GA mac dog offthegrid grid 
Boston,_MA Atlanta,_GA prepare table presence enemies psalm 23 5 
Los_Angeles,_CA Atlanta,_GA yea heart cold still got sweater ____ 
San_Diego,_CA Atlanta,_GA ut crew charliekay university towers 
Boston,_MA Atlanta,_GA brewery tour samuel adams brewery samueladamsbeer boston ma johnzak 
San_Francisco,_CA Atlanta,_GA kaneholler miikesnow indysf kainmalaysiamurah miikesnow nikki independent 
Boston,_MA Atlanta,_GA pavia_italian cuisine amp catering boston ma 
Atlanta,_GA Atlanta,_GA just posted photo atlanta west end 
Los_Angeles,_CA Atlanta,_GA re nursing professional tarzana ca check job hiring careerarc 
San_Diego,_CA Atlanta,_GA nowplaying clearing superb rachel grimes amp ensemble amazing record 
Chicago,_IL Atlanta,_GA re hiring read latest job opening client executive north central chicago il sales 
Manhattan,_NY Atlanta,_GA sea __ darajaclyn_ downtown100 new york times square 
Manhattan,_NY Atlanta,_GA tribecagrill new york ny 
Los_Angeles,_CA Atlanta,_GA know beverly hills real estate market 
Manhattan,_NY Atlanta,_GA tonight 25th annual george wayne downtown 100 downtown 100 list celebration 
Orlando,_FL Atlanta,_GA tako cheena orlando fl 
Los_Angeles,_CA Atlanta,_GA getting setup record next newrelic futurestack podcast today hope everyone 
Los_Angeles,_CA Atlanta,_GA one guess playing stud bar 
Toronto,_Ontario Atlanta,_GA bluejays vs yankees game 2night toronto rogers centre 
Houston,_TX Atlanta,_GA accident blocks 3 rightt lanes northside 45 fwy inbound airline stop go traffic back aldine bender delay 17 mins 
Manhattan,_NY Atlanta,_GA hahaha somehow knew pellerinart gonna bus seen face __ t14 metrobus 
Toronto,_Ontario Atlanta,_GA desperado rihanna antiworldtour air canada centre 
Houston,_TX Atlanta,_GA good morning___ __832 620 6071 __220skinnywraps gmail com ____________________________ entrepreneur 
Manhattan,_NY Atlanta,_GA show time folks birainnyc biraattribeca themanwhoknewinfinity phhhoto beerlove 
Los_Angeles,_CA Atlanta,_GA huge loss la galaxy ok special juice kept us happy accidents 
Toronto,_Ontario Atlanta,_GA can recommend anyone job toronto ontario hiring careerarc 
Orlando,_FL Atlanta,_GA famous guy lya band vsco vscocam orlando nightofhope orlando 
Houston,_TX Atlanta,_GA take ball game rogers stadium 
Los_Angeles,_CA Atlanta,_GA thank everyone showed art walk guys incredible 
Los_Angeles,_CA Atlanta,_GA coachella fresh hairbyjaimie thepowderroomla 3022w sunsetblvd 3236612233 powder room 
Orlando,_FL Atlanta,_GA housebusinesscheck 3000 smith st orlpol opd 
Los_Angeles,_CA Atlanta,_GA first selfie sa us sleeping dan notavacation lax american airlines terminal 4 
Boston,_MA Atlanta,_GA harryswartout skyswartout chases19 re twenty year flood teams 
Los_Angeles,_CA Atlanta,_GA loved home music studio showing property today encino ____________ 1 2 studios 
Atlanta,_GA Atlanta,_GA engineering job alert civil designer drafter 
Manhattan,_NY Atlanta,_GA abc carpet amp home abchome new york ny 
Manhattan,_NY Atlanta,_GA work emails really cigar inn new york ny 
Manhattan,_NY Atlanta,_GA cool wooden bench booths add touch privacy warmth koreanrestaurant 
Los_Angeles,_CA Atlanta,_GA brookfield property partners hidden real estate gem 
Houston,_TX Atlanta,_GA ohhh oh quanell house isiah factor big buddies now fox26houston katmckinley 
San_Diego,_CA Atlanta,_GA special cloth alert ____this randomcasualties dontbeone canon la dope photographer 
Los_Angeles,_CA Atlanta,_GA watched nba first time bos came behind win 
Manhattan,_NY Atlanta,_GA rideordie linkedinlife top strand new york ny 
Orlando,_FL Atlanta,_GA commercialalarm 5600 lake underhill rd orlpol opd 
Toronto,_Ontario Atlanta,_GA cake ____cake ____cake ____ tacconelli pizzeria 
Philadelphia,_PA Atlanta,_GA nursing job philadelphia pa dosimetrist cancer treatment centers america 
Orlando,_FL Atlanta,_GA assistfiredept 1301 1338 orange blossom trail orlpol ocso 
San_Diego,_CA Atlanta,_GA pho king best pho rua vang golden turtle restaurant 
Atlanta,_GA Atlanta,_GA don want love duranduran duranduran philips arena 
Chicago,_IL Atlanta,_GA beautiful morning re sun morning babe____ _________________________________ yoga 
San_Diego,_CA Atlanta,_GA friday made candied hazelnut dark chocolate cookies ______ maysvillenyc 
Houston,_TX Atlanta,_GA businessmgmt job might great fit chief financial officer houston tx hiring careerarc 
Atlanta,_GA Atlanta,_GA atlanta ga nonprofit job parks worker city atlanta jobs hiring 
Boston,_MA Atlanta,_GA red sox game two faves ____ fenway park 
Houston,_TX Atlanta,_GA celebrating neo club happy early birthday abenjammn grooves restaurant lounge 
San_Francisco,_CA Atlanta,_GA spqrfillmore san francisco ca 
Atlanta,_GA Atlanta,_GA godmoments thenewblackwallstreet west side 
Manhattan,_NY Atlanta,_GA shake cotton candy sweet salty milkshake blacktapnyc 
San_Francisco,_CA Atlanta,_GA baychella bay bridge 
Manhattan,_NY Atlanta,_GA sup dinosaurbutt titanosaur amnh american museum natural history 
Manhattan,_NY Atlanta,_GA spanish collection fernandoalberto_atelier weddingdress bride wedding fashion 
Chicago,_IL Atlanta,_GA raisethemacallan michigan visitors morgan manufacturing 
Los_Angeles,_CA Atlanta,_GA grove los angeles ca ali__almusalam 
Atlanta,_GA Atlanta,_GA right now wild friday night beautiful sexy ladies right now turn check mix 
Chicago,_IL Atlanta,_GA healthcare job chicago il pharmacy technician cvs health jobs hiring careerarc 
Chicago,_IL Atlanta,_GA students nhsjc interested learning medillschool northwestern join us 
Manhattan,_NY Atlanta,_GA staples harlem ny 
Chicago,_IL Atlanta,_GA __ blackhawks 
Manhattan,_NY Atlanta,_GA 2__nd beer feeling chill____ lol__________________ monster bar nyc 
Houston,_TX Atlanta,_GA re hiring click apply stores shoe associate melrose store 10 houston tx retail houston tx job 
Manhattan,_NY Atlanta,_GA recuerda hoy jueves noche de damas de 8 00pm 10 00pm las damas toman gratis en el bar 
Los_Angeles,_CA Atlanta,_GA know know love kirk franklin music obsession song 
Los_Angeles,_CA Atlanta,_GA retail cosmetics sales counter manager benefit full time macy beauty northridge ca sales job 
Manhattan,_NY Atlanta,_GA proud say crossed one items 
Orlando,_FL Atlanta,_GA battery magnolia ave amp pine st 32801 4 16 01 25 orlando centralbusinessdistrict 
Houston,_TX Atlanta,_GA yasmany tomas look athletic 
Manhattan,_NY Atlanta,_GA closure queensborobridge eb manhattan side queens side 
Los_Angeles,_CA Atlanta,_GA tonight going discotecadtla congaroom mega963fm broadcasting live jammed packed 
Toronto,_Ontario Atlanta,_GA ai le plaisir et honneur tre ambassadrice style de newlook pour la 2eme ann 
Chicago,_IL Atlanta,_GA life problem solved reality experienced 
Houston,_TX Atlanta,_GA favorite health care staffing nursing registered nurse 
Boston,_MA Atlanta,_GA party 1 hojokoboston boston ma 
Manhattan,_NY Atlanta,_GA dinner bibbles ____ ceviche cebiche peruvian piopio food foodie love heritage 
Boston,_MA Atlanta,_GA happy colorful friday spring aroundthecorner boston massachusetts 
San_Diego,_CA Atlanta,_GA usmc graduation marine corps recruit depot san diego 
Houston,_TX Atlanta,_GA retail job alert seasonal temporary store associate 
Los_Angeles,_CA Atlanta,_GA turn lights tbt lacma los angeles county museum art 
Orlando,_FL Atlanta,_GA housebusinesscheck 830 orange blossom trail orlpol opd 
Toronto,_Ontario Atlanta,_GA never see apple store eaton centre toronto 
Manhattan,_NY Atlanta,_GA happy weekend lincoln square lincoln square neighborhood 
Los_Angeles,_CA Atlanta,_GA warm potato salad 
Los_Angeles,_CA Atlanta,_GA see latest losangeles ca job click apply cardiac travelnurse nursing 
Toronto,_Ontario Atlanta,_GA wayneclarkdesign lifetimeachievement award cafawards fashionnights fashionismylife 
Washington,_DC Atlanta,_GA ready todays debut 72u spinphony 72andsunny 
Los_Angeles,_CA Atlanta,_GA re hiring click apply assistant store manager los angeles retail losangeles california veterans 
Houston,_TX Atlanta,_GA legal job might great fit legal assistant licenses amp permits katy tx hiring careerarc 
San_Francisco,_CA Atlanta,_GA closed homeless concerns request 909 minna st case closed case duplicate per dpw duplicate 
San_Diego,_CA Atlanta,_GA call ramenbae jinya ramen bar 
Orlando,_FL Atlanta,_GA orlandofree curb alert free mid century loveseat orlando 
Washington,_DC Atlanta,_GA constructionworker poses worksite washingtondc ivycity 
Toronto,_Ontario Atlanta,_GA boys 11 toronto ontario 
Toronto,_Ontario Atlanta,_GA boys 11 toronto ontario 
San_Francisco,_CA Atlanta,_GA city stay rockin sanfranciscodays sanfrancisco realsf 415day dolores park 
Chicago,_IL Atlanta,_GA bye chicago chicago midway international airport mdw chicago il 
Houston,_TX Atlanta,_GA early work saturday rather running tmc mhh memorial hermann hospital medical 
Manhattan,_NY Atlanta,_GA re hiring click apply retail allocator businessmgmt newyork ny job jobs careerarc 
San_Francisco,_CA Atlanta,_GA business buddies sales steaks friday nights ___________ fill 
Los_Angeles,_CA Atlanta,_GA friday evening losangeles pershing square 
Los_Angeles,_CA Atlanta,_GA try cream cheese walnut florentine carrot ginger sorbet cream menu 
San_Diego,_CA Atlanta,_GA get tickets mos def ________________ music box 
Los_Angeles,_CA Atlanta,_GA yas quartet performs last movement hadyn op 33 string quartet roosevelt university 
Manhattan,_NY Atlanta,_GA incident franklindrooseveltdrive sb east 91st street 
Chicago,_IL Atlanta,_GA 2835 west fargo avenue 
Manhattan,_NY Atlanta,_GA roll tff like __ thestaycationers thompsonhotels hotellife 
Los_Angeles,_CA Atlanta,_GA legal jobs jdhuntr 16380 senior attorney house counsel jobs 
Atlanta,_GA Atlanta,_GA streetz945atl pantherpalooza16 georgiastateuniversity 1future georgia state university 
Philadelphia,_PA Atlanta,_GA ll take late afternoon meeting guys anytime natitude nationals park 
Manhattan,_NY Atlanta,_GA best kind washington square park 
San_Diego,_CA Atlanta,_GA felt rewarding present research today____ huresearchweek2016 howard university 
Atlanta,_GA Atlanta,_GA thank mileycyrus spinningupmoreservers artsy 
Los_Angeles,_CA Atlanta,_GA time dodgers baseball jackie robinson day dodgers jackierobinsonday 42 mlb 
Chicago,_IL Atlanta,_GA spontaneous trips coachella side kick 2015cochella__ 
Houston,_TX Atlanta,_GA 16810 fowler pines dr humble tx 77346 446 200 4 beds 3 baths 
Philadelphia,_PA Atlanta,_GA happens talk smack mascot philly alexholleyfox29 
Orlando,_FL Atlanta,_GA can put words time experiencing disney universal namely harry potter 
Atlanta,_GA Atlanta,_GA can recommend anyone job class lineman transmission atlanta ga utilities hiring careerarc 
San_Diego,_CA Atlanta,_GA manufacturing job sandiego ca scaler select staffing jobs hiring careerarc 
Manhattan,_NY Atlanta,_GA much light youwillneverstealmyshine river side park 
Washington,_DC Atlanta,_GA went visit abe lunch break__ ihaterunning diditanyway washington district 
Chicago,_IL Atlanta,_GA superb joe seafood prime steak amp stone crab joeschicago chicago il 
Manhattan,_NY Atlanta,_GA farewell now webster hall 
Manhattan,_NY Atlanta,_GA 67 days summer equinoxmademedoit equinox park avenue 
Los_Angeles,_CA Atlanta,_GA faith stirring talks coffee myfavorite morning relationships friends coffee aroma 
Manhattan,_NY Atlanta,_GA empire state mind __ ____ nyc empirestatebuilding view newyork bigtop fromthebottom 
San_Diego,_CA Atlanta,_GA transportation job might great fit parts delivery sandiego ca hiring careerarc 
San_Diego,_CA Atlanta,_GA want work sandiego ca view latest opening retail job jobs hiring careerarc 
Chicago,_IL Atlanta,_GA body chosen art form flattered can inspire someone pursuit 
Manhattan,_NY Atlanta,_GA 
Manhattan,_NY Atlanta,_GA spicy sugared almonds coming kitchen today 
Orlando,_FL Atlanta,_GA dropping spider hamburgers mary orlando fl 
Orlando,_FL Atlanta,_GA first orlando world murdered performance tonight caboose lounge 
Manhattan,_NY Atlanta,_GA partner crime marlijnhoek __ thank love __ minha companheira de crime 
Manhattan,_NY Atlanta,_GA barista us starbucks 200 west 54th st newyork ny hospitality veterans job jobs hiring careerarc 
Atlanta,_GA Atlanta,_GA meet magiccityatl today afterworkwinddown djwebbz turn ______ magic 
Houston,_TX Atlanta,_GA happens ingredients mix together ty albrightms alx_adventurers mililaff alxstarwarsstemnight 
Boston,_MA Atlanta,_GA amp girl pow fenwaypark redsoxopeningday2016 fenway park 
San_Francisco,_CA Atlanta,_GA opened graffiti request via iphone 145 fell st 
Houston,_TX Atlanta,_GA ain throwback living moment navanav dowhatyoulove begreat music fashion 
San_Diego,_CA Atlanta,_GA instagram contest back time earth day themed hash tag conservation 
Toronto,_Ontario Atlanta,_GA lunchtime caesars lakeview restaurant lakeview_lunch toronto stevium 
Atlanta,_GA Atlanta,_GA changed person raclette 
Orlando,_FL Atlanta,_GA verbaldisturbance 2200 2499 dardanelle dr orlpol ocso 
Toronto,_Ontario Atlanta,_GA spring air 
Manhattan,_NY Atlanta,_GA demostraci de amor en una tienda de mics en nueva york midtown comics times square 
Houston,_TX Atlanta,_GA 18418 teal creek dr humble tx 77346 312 000 5 beds 4 baths 
Toronto,_Ontario Atlanta,_GA fire commercial industrial queen st dovercourt road lisgar st toronto 2 trucks 
San_Francisco,_CA Atlanta,_GA see latest sanfrancisco ca job click apply staff nurse ii 4 south cardiology pac nursing 
Manhattan,_NY Atlanta,_GA just posted photo 3rd restaurant 
Manhattan,_NY Atlanta,_GA 59 morton street manhattan 
Orlando,_FL Atlanta,_GA interested healthcare job near orlando fl great fit hiring careerarc 
Manhattan,_NY Atlanta,_GA theroofny new york ny 
Los_Angeles,_CA Atlanta,_GA la streets lastreets los angeles california 
Philadelphia,_PA Atlanta,_GA bsick ballpark__ phillies game citizen bank park 
Manhattan,_NY Atlanta,_GA challanges bts moments movie greatcrew reharsal makeupartist makeup hair 
Los_Angeles,_CA Atlanta,_GA elcapitantheatre richard sherman disneythejunglebook el capitan theatre 
Manhattan,_NY Atlanta,_GA inakanaturalfoods 
Los_Angeles,_CA Atlanta,_GA lord psalm 118 6 
San_Francisco,_CA Atlanta,_GA therapeutic thursday hypo mobile thoracic spine one biggest linchpin movements 
San_Diego,_CA Atlanta,_GA can recommend anyone socialsciences job sandiego ca veterans hiring careerarc 
Chicago,_IL Atlanta,_GA honor judge pretty kick business concepts highly impressive 
Atlanta,_GA Atlanta,_GA re hiring read latest job opening digital program manager thecreativegroup atlanta ga 
San_Diego,_CA Atlanta,_GA join kelly services team see latest manufacturing job opening kellyjobs harborcity ca hiring 
Los_Angeles,_CA Atlanta,_GA productive business meeting let weekend start girl boy 
Chicago,_IL Atlanta,_GA celebrating spring raw pickled steamed vegetables peahummus romesco gribiche 
Houston,_TX Atlanta,_GA 18103 pagemill point ln humble tx 77346 98 804 4 beds 2 baths 
Los_Angeles,_CA Atlanta,_GA legal job might great fit house counsel jobs jdhuntr 16429 general counsel hiring 
Atlanta,_GA Atlanta,_GA join dell team see latest sales job opening delljobs atlanta ga hiring careerarc 
San_Francisco,_CA Atlanta,_GA oh yeah____ ____ taqueria el farolito san francisco ca 
Los_Angeles,_CA Atlanta,_GA thank vkingsla tickets kershaw vs madbum must see _____ jackierobinsonday 
Houston,_TX Atlanta,_GA 11 11 made wish whataburger honeybutterchickembiscuit hbcb dirtysouth fatboy 
Boston,_MA Atlanta,_GA helicopter around nyc__ liberty helicopters 
San_Francisco,_CA Atlanta,_GA __ dolores park 
Toronto,_Ontario Atlanta,_GA final studio model undergrad ryerson architecture building 
Toronto,_Ontario Atlanta,_GA mrpinoy1224 congrats 
Los_Angeles,_CA Atlanta,_GA sushiburrito granada hills gourmet food trucks explosion food trucks row 
Manhattan,_NY Atlanta,_GA jet lag 6 30am walk around central park central park 
San_Diego,_CA Atlanta,_GA join kelly services team see latest job opening kellyjobs kellyservices woodlandhills ca 
Los_Angeles,_CA Atlanta,_GA sushi combo lunch sushi sushi weho beverlyhills sushi 
Manhattan,_NY Atlanta,_GA guys sorta met thursday dragqueen dragqueens nycdrag nycdragqueen nycdragqueens 
Manhattan,_NY Atlanta,_GA breathtaking views 34th floor bonavista revolving lounge westin bonaventure hotel 
San_Francisco,_CA Atlanta,_GA want work macy retail re hiring sanfrancisco ca click details job jobs careerarc 
San_Diego,_CA Atlanta,_GA ____our famous pineapple seafood mixture seafood prepares flavored light cream 
San_Francisco,_CA Atlanta,_GA mar naturaleza es dif cil creer que est en sanfrancisco lands end point lobos san 
Los_Angeles,_CA Atlanta,_GA ___ __ ____ __ ____ ___ ______ ______ ___ ______ _____ ____ _____ 
Washington,_DC Atlanta,_GA tulipmania reached national gallery art igdc dc nga national gallery art 
Manhattan,_NY Atlanta,_GA pedicabs lined waiting passengers centralparknyc centralpark nyc pedicab central 
Houston,_TX Atlanta,_GA want work houston tx view latest opening healthcare job jobs hiring 
Los_Angeles,_CA Atlanta,_GA want work aerotek re hiring losangeles ca click details construction job jobs 
Washington,_DC Atlanta,_GA can recommend anyone job managed services consultant dc washington dc hiring 
Philadelphia,_PA Atlanta,_GA mood littleedie greygardens mortville 
Toronto,_Ontario Atlanta,_GA oniochalasia____ vsco vscocam vscotoronto vscoph facetune potd ootd photograph 
Los_Angeles,_CA Atlanta,_GA recognize holding respect swiss tel chicago 
San_Francisco,_CA Atlanta,_GA mini reunion fam sunbathing usual smh seals ____ ____ pier 39 
Manhattan,_NY Atlanta,_GA wow foto ancestral desde el empire state building de 
Chicago,_IL Atlanta,_GA tarascas international chicago il 
Boston,_MA Atlanta,_GA put camera horizontal ma need wide lense gloriousness gorilla _ 
Los_Angeles,_CA Atlanta,_GA always someone trying stop great ____________ 
Philadelphia,_PA Atlanta,_GA fbf time sfcherryblossomfestival x2serendipity hellobrookie killed 
Philadelphia,_PA Atlanta,_GA excited game day orlandocitysc ocsc boessel hotel 
Los_Angeles,_CA Atlanta,_GA amazing day dime downtown los angeles 
Toronto,_Ontario Atlanta,_GA beautiful evening beaches boardwalk people ashbridge bay 
Manhattan,_NY Atlanta,_GA one last night since tags disappeared love cool instacool 
Los_Angeles,_CA Atlanta,_GA can recommend anyone education job shermanoaks ca hiring careerarc 
Washington,_DC Atlanta,_GA sjr32 new joint resolution provide limitations transfer certain united states munitions 
Manhattan,_NY Atlanta,_GA people asking snapchat dm dancinkarl getting better 
Houston,_TX Atlanta,_GA healthcare job might great fit physical therapist pt home 
Houston,_TX Atlanta,_GA congrats warrior breaking bulls record tho houston astros minute maid park 
Orlando,_FL Atlanta,_GA housebusinesscheck lee vista blvd amp contessa dr orlpol opd 
Boston,_MA Atlanta,_GA always proud boston onebostonday boston massachusetts 
Chicago,_IL Atlanta,_GA re hiring read latest job opening registered nurse travel rn chicago il healthcare 
Manhattan,_NY Atlanta,_GA one favourite things night go studio learning play songs 
Los_Angeles,_CA Atlanta,_GA ____ ________ california state university northridge csun northridge ca 
Toronto,_Ontario Atlanta,_GA toronto public library dufferin st clair branch torontolibrary toronto 
Houston,_TX Atlanta,_GA re hiring read latest job opening patient care technician philadelphia pa central 
Manhattan,_NY Atlanta,_GA 86th floor __ 
Los_Angeles,_CA Atlanta,_GA checked dodger stadium dodgers vs sfgiants game 
Orlando,_FL Atlanta,_GA theft 400 orange ave 32801 4 15 20 19 orlando centralbusinessdistrict 
Manhattan,_NY Atlanta,_GA mind tellin nooo body body telling yesssss bumpandgrind 
Manhattan,_NY Atlanta,_GA fire drill timeinc new york ny editorialiste 
Manhattan,_NY Atlanta,_GA spring gala ing triplets whycbs whydidiusethathashtag cipriani wall street 
Washington,_DC Atlanta,_GA coalitionbuildr checking state american labor unions today panel ncbcp_bwr 
San_Diego,_CA Atlanta,_GA re hiring click apply administrative support clerical sandiego ca job jobs careerarc 
Manhattan,_NY Atlanta,_GA hey good morning can say back like hey today work amilkargp come rock 
Houston,_TX Atlanta,_GA re hiring read latest job opening shift supervisor us hospitality veterans careerarc 
Orlando,_FL Atlanta,_GA moleke maloqueiro mclon chapaquente explode mclon_oficial 
Washington,_DC Atlanta,_GA prospect washington 
San_Diego,_CA Atlanta,_GA bourbon barrel aged never lone hellfighter expla hellfighter imperial porter 
Los_Angeles,_CA Atlanta,_GA sometimes small drums music gypsysallys theoldmain ludwig meinl 
Los_Angeles,_CA Atlanta,_GA ve come long way baby 
Atlanta,_GA Atlanta,_GA bell ball maisie_williams tonight tff premier devilinthedeepbluesea hair 
Orlando,_FL Atlanta,_GA westchelsea composer composerlife contemporarycomposer contemporaryclassical 
Manhattan,_NY Atlanta,_GA incident alltrains directions new york penn station 
Atlanta,_GA Atlanta,_GA bestie reunion ____ plus darlin __ buckheadevenings stcecilia st cecilia 
Los_Angeles,_CA Atlanta,_GA ______ cabo cantina los angeles ca 
Washington,_DC Atlanta,_GA celebrating emancipationday came visit mlk 
Atlanta,_GA Atlanta,_GA hold ya ll weekend almost happyfriday taxseason midnightexpression 
Boston,_MA Atlanta,_GA sugar rush ____ roomtogrow_org akilah108 rtgbenefit tribecathreesixty three sixty degrees 
Manhattan,_NY Atlanta,_GA opening ceremony new york ny 
Orlando,_FL Atlanta,_GA hogwarts hang time hogwash wizards harrypotter universalstudios la castles wander 
San_Diego,_CA Atlanta,_GA can recommend anyone job mechanic line sandiego ca skilledtrade 
Boston,_MA Atlanta,_GA stizzyleftlane yungbosskj hardrockcafe underrated boston massachusetts 
Manhattan,_NY Atlanta,_GA dr boo hard work today looking dapper must say time square nyc 
Orlando,_FL Atlanta,_GA h3921 enroll establishing sick leave bank brian sheehan employee middlesex county sheriff 
Manhattan,_NY Atlanta,_GA hope see guys kids bloomingdales today ll personalizing delseyofficial 
Atlanta,_GA Atlanta,_GA ______________just another morning atlanta ______________ trafficjam seaofred morningcommute 
Manhattan,_NY Atlanta,_GA red carpet devil deep blue sea _____ tribeca2016 tribecafilmfestival 
Manhattan,_NY Atlanta,_GA viendo el empire state building macy herald square 
Houston,_TX Atlanta,_GA businessmgmt job houston tx director development foundations corporate 
Toronto,_Ontario Atlanta,_GA celebrate upcoming warm weather weekend delicious bangbangpie pie 
San_Francisco,_CA Atlanta,_GA just posted photo pupuseria la casita de don carlos 
Toronto,_Ontario Atlanta,_GA shooting issues crown empire tonight one ok rock though sad phoenix concert theatre toronto 
Atlanta,_GA Atlanta,_GA got check set newgirlonfox everyone hey girl whatchu doin hey girl 
Houston,_TX Atlanta,_GA want work dollar general corporation re hiring click details job 
Washington,_DC Atlanta,_GA schiller shissler group received award presented national conference chicagorealestate 
Toronto,_Ontario Atlanta,_GA family affair set art mirror souls please help musical production 
Los_Angeles,_CA Atlanta,_GA passion pays love art new money motivation music business pot livemusic fashion 
San_Diego,_CA Atlanta,_GA exactly body needed 3ohm2 namastesnitches yogatothepeople 
Chicago,_IL Atlanta,_GA drinking green line pale ale gooseisland giordano 
Los_Angeles,_CA Atlanta,_GA game increments 
Philadelphia,_PA Atlanta,_GA drinking gingerbread stout hardywood luckysmanayunk 
Washington,_DC Atlanta,_GA look little lady enjoying sun park dcpark dc igdc adam morgan dc 
Atlanta,_GA Atlanta,_GA vip latina business council amp amigas4mysoul luncheon coca cola bottling co los 
Los_Angeles,_CA Atlanta,_GA ____ baba ghanooj los angeles ca m7mad_al_hajri 
San_Diego,_CA Atlanta,_GA repost juanpablodipace hbstudio hbstudionyc ___ part one fun podcast interview 
Los_Angeles,_CA Atlanta,_GA showed video cat dressed like pirate even didn cheer la zoo 
Manhattan,_NY Atlanta,_GA diane rehm interviewed son david rehm yesterday kick storycorps mobile 
Manhattan,_NY Atlanta,_GA made oculus wtc gleaming white amp beautiful oculus 
Orlando,_FL Atlanta,_GA ifyouaintgetcapturedthenyougotskipped streetfootball2016 cm4life 
Manhattan,_NY Atlanta,_GA touch new york ______ emekaukazu1 congrats gee new ride tings new york new york 
Philadelphia,_PA Atlanta,_GA philly night see iggypop joshhomme postpopdepressiontour 
Boston,_MA Atlanta,_GA closed street lights report 469 washington st case resolved replaced led acorn 
Washington,_DC Atlanta,_GA cgi cashier washington dc projectmgmt job jobs hiring careerarc 
Houston,_TX Atlanta,_GA otd 1912 sinking rms titanic tribune published extra edition news 
Los_Angeles,_CA Atlanta,_GA big bruh sunset blvd hollywood 
Philadelphia,_PA Atlanta,_GA mocha raspberry iced latte dunkindonuts philadelphia pa 
Los_Angeles,_CA Atlanta,_GA funny amp non stop entertaining movie check weekend ____ tbt barbershop3 
Houston,_TX Atlanta,_GA re hospitality professional houston tx check job hiring 
Boston,_MA Atlanta,_GA re hiring read latest job opening senior hr manager corporate hr 
Manhattan,_NY Atlanta,_GA quick pics perry ellis 
Los_Angeles,_CA Atlanta,_GA qui dice que los estadounidenses les interesa la pol tica elections2016 
Manhattan,_NY Atlanta,_GA eliza francesca stephen billy survivor live know alls rhap awesome carolines 
Manhattan,_NY Atlanta,_GA grevindev recording percussion new album past monday yes use 
San_Diego,_CA Atlanta,_GA even working home gotta get caffeine starbucks san diego ca 
Philadelphia,_PA Atlanta,_GA check new mystique sandals spring amp summer _ gisele tune clothing store 
Toronto,_Ontario Atlanta,_GA __ atthenightshow rihanna air canada centre 
Chicago,_IL Atlanta,_GA duh lindo guadalajara chicago il 
Manhattan,_NY Atlanta,_GA just posted photo battery park water 
Los_Angeles,_CA Atlanta,_GA _____ _____ _ ____________ _____ venice _ la ___ __ ____ _____ 
San_Francisco,_CA Atlanta,_GA good food cold beer great friends okay fries note self next time tots graffiti junktion 
Los_Angeles,_CA Atlanta,_GA interested marketing job near chatsworth ca great fit hiring careerarc 
Los_Angeles,_CA Atlanta,_GA doggie smiles favorite ______ doghotel boarding suitelife doglovers dogsofinstagram 
Houston,_TX Atlanta,_GA save date sunday may 8 2 pm mikuexpo bnmiramesa bnsandiego bnbookpassion anime 
Houston,_TX Atlanta,_GA peony tulips flower flowersoninstagram flowers houstonflowers houstonflorist westside 
Chicago,_IL Atlanta,_GA chicago illinois windycity travelingram downtown chicago 
Manhattan,_NY Atlanta,_GA can recommend anyone retail job newyork ny hiring careerarc 
Houston,_TX Atlanta,_GA re hiring read latest job opening registered nurse rn 
Orlando,_FL Atlanta,_GA jajaja esas caras ____ unquillo cordoba argentina 
Houston,_TX Atlanta,_GA wgww houston houstondj dj femaledj electro jam boondocks boondockshtx good times __________ 
Washington,_DC Atlanta,_GA find shadows rogermuntu naomiachu teamnosleep voiceofamerica voice america voa 
San_Diego,_CA Atlanta,_GA time cheerstolife relaxing cabrillo beach 
Toronto,_Ontario Atlanta,_GA viernes de nuevo __ toronto turo toronto ontario 
Boston,_MA Atlanta,_GA want work charlestown massachusetts view latest opening job jobs hiring careerarc 
Boston,_MA Atlanta,_GA re hiring click apply avp naic projects actuarial insurance toronto job jobs 
Manhattan,_NY Atlanta,_GA great laughs long time dearest friend damien __ sooooo happy see xo friends 
Chicago,_IL Atlanta,_GA letsgohawks wegotthis blackhawks lgh gohawks blackfinn ameripub 
Los_Angeles,_CA Atlanta,_GA laker nation ____ thank kobebryant 20 years great memories last game 
Philadelphia,_PA Atlanta,_GA opportunity get lit summersixteen bigrings nicethings aigagala aigadesign 
San_Francisco,_CA Atlanta,_GA got live dumpling lucillebitterman macmayhan jhmoore3 youdimsumyoulosesome nom wah tea 
Houston,_TX Atlanta,_GA social insects 1 simryn gill simryngill tracywilliamsltd tracy williams ltd 
Chicago,_IL Atlanta,_GA long day good night everyone west side chicago 
Atlanta,_GA Atlanta,_GA visited georgia aquarium awesome got probably best souvenir time 
Philadelphia,_PA Atlanta,_GA india djprithvi evokofficial oceans 
Chicago,_IL Atlanta,_GA birthday girl drmccoy_thedj __ skate swag ____ rink chicago 
Washington,_DC Atlanta,_GA want work washington dc view latest opening nursing job jobs hiring careerarc 
Manhattan,_NY Atlanta,_GA repost ufc repostapp ___ congrats new yorkers mma2ny madison 
Manhattan,_NY Atlanta,_GA ll never know find new inspiration since included 
Los_Angeles,_CA Atlanta,_GA papa cristo catering amp greek taverna papa_cristo los angeles ca 
Houston,_TX Atlanta,_GA ernievicente hey ern totally impressive shows world needs replacement mr williams 
Chicago,_IL Atlanta,_GA want work charles schwab re hiring chicago il click details veterans job jobs 
Manhattan,_NY Atlanta,_GA ny nyc fightfor15 fastfoodforward strikefastfood new york times square 
Chicago,_IL Atlanta,_GA __ madhouse madison 
Los_Angeles,_CA Atlanta,_GA incredibly blessed friendship guy standing next never life 
Orlando,_FL Atlanta,_GA domesticdisturbance 100 hughey ave 32801 4 14 20 20 orlando holdenparramore 
Manhattan,_NY Atlanta,_GA sold comedykapow 120diner stoked featured show 120 diner 
San_Francisco,_CA Atlanta,_GA re sales professional sanfrancisco ca check job hiring careerarc 
Chicago,_IL Atlanta,_GA 3141 west fargo avenue 
Los_Angeles,_CA Atlanta,_GA setlife actor russdun tv menwithstyle dappermen sunsetgowerstudios loving 
Los_Angeles,_CA Atlanta,_GA work work work __ __ dodger stadium mlb los angeles ca 
Chicago,_IL Atlanta,_GA owenalchemy looking chic mornings event moniquejonespr entertaining_co 
Atlanta,_GA Atlanta,_GA mcnyc yiddishtheater zero mostels original costume fiddler roof looks lot like 
Chicago,_IL Atlanta,_GA re hiring read latest job opening team member cook chicago il 
Houston,_TX Atlanta,_GA team usa baseball south texas 
San_Francisco,_CA Atlanta,_GA re legal professional sanfrancisco ca check job hiring careerarc 
San_Francisco,_CA Atlanta,_GA new fae archaic just arrived mission comics amp art 
Boston,_MA Atlanta,_GA singer meet finger want laugh butts go 
Orlando,_FL Atlanta,_GA fashionfriday adidasy3 yes please yohjiyamamoto adidas sick collabo shoegametight 
Houston,_TX Atlanta,_GA re hiring read latest job opening qa lead houston tx houston tx careerarc 
Los_Angeles,_CA Atlanta,_GA prayforjapan__ another earthquake morning 7 1 praying everyone alright___ 
Los_Angeles,_CA Atlanta,_GA literally went harry potter ride x2 bestride harrypotter 
Los_Angeles,_CA Atlanta,_GA just posted photo oakwood toluca hills 
Orlando,_FL Atlanta,_GA battery 1600 1799 24th st orlpol ocso 
Orlando,_FL Atlanta,_GA trespasser 4000 4099 columbia st orlpol ocso 
Los_Angeles,_CA Atlanta,_GA re really tryna catch angle sittingontopoftheworld 
Houston,_TX Atlanta,_GA memorial hermann nursing job new grad rn nurse residency houston tx jobs hiring careerarc 
Los_Angeles,_CA Atlanta,_GA heroes come go legends forever thank kobe 
Los_Angeles,_CA Atlanta,_GA though little fierce ____ shakespeare resident 
Manhattan,_NY Atlanta,_GA chinese chamber commerce jing fong restaurant _____ jingfongny new york ny 
Manhattan,_NY Atlanta,_GA carmine new york ny 
San_Francisco,_CA Atlanta,_GA border san francisco daly city daly city ca 
San_Diego,_CA Atlanta,_GA san diego gulls hockey san diego ca 
Manhattan,_NY Atlanta,_GA melvins webster hall 
Chicago,_IL Atlanta,_GA robert half finance amp accounting payroll supervisor manager director chicago il accounting job jobs hiring 
Toronto,_Ontario Atlanta,_GA kardinalo 1s amp 2s cafa2016 toronto canadianfashion afterparty fairmont royal 
Manhattan,_NY Atlanta,_GA frozen greek yogurt olive oil sea salt one life simple pleasures treat yo self 
Los_Angeles,_CA Atlanta,_GA one year ago asked sam marry ever since life completely transformed 
San_Francisco,_CA Atlanta,_GA tacaya trejismo union square san francisco 
Manhattan,_NY Atlanta,_GA new york city pet deer enter patisserie __ maison kayser 
Manhattan,_NY Atlanta,_GA _ ny photo fredi guaraca _____ nycphotographer nyc newyork photography nyinwheels 
Boston,_MA Atlanta,_GA l7 weenies fenway park 
Houston,_TX Atlanta,_GA starbucks houston tx 
Boston,_MA Atlanta,_GA little harpoon enhance already dope game harpoonbrewery bostonredsox redsox 
Toronto,_Ontario Atlanta,_GA consolation prizes lovely maureen able run monday worth 
Philadelphia,_PA Atlanta,_GA clothespin statue philadelphia pa 
Orlando,_FL Atlanta,_GA re hiring read latest job opening quality control inspector manufacturing orlando fl 
Washington,_DC Atlanta,_GA just fdr frankin roosevelt memorial 
Boston,_MA Atlanta,_GA banking job might great fit technology sr credit officer boston ma hiring 
Manhattan,_NY Atlanta,_GA football rubber key cap official christmas xmas birthday gift 
Houston,_TX Atlanta,_GA like mother like daughter ____ creekside woodlands tx 
Toronto,_Ontario Atlanta,_GA __ ripley aquarium canada 
Houston,_TX Atlanta,_GA re hiring read latest job opening sales operations management training program 
Los_Angeles,_CA Atlanta,_GA yay repost jamesbane repostapp ___ excitement new host 
Boston,_MA Atlanta,_GA closed litter report 76a appleton st case resolved said location bag picked 
Manhattan,_NY Atlanta,_GA bogo family nights wizard oz national theatre 
Boston,_MA Atlanta,_GA facilitiesmgmt job boston ma lead maintenance technician avalonbay nowhiring 
Houston,_TX Atlanta,_GA abc13eyewitness ms 150 early morning everyone __is getting ready go_ 13photogwillie 
Atlanta,_GA Atlanta,_GA 5 gram 8ths till 3am 420 weed cannabiscommunity cannabis mmj vencie beach 
Atlanta,_GA Atlanta,_GA ____ clark atlanta university 
San_Diego,_CA Atlanta,_GA yoyo_ma amp emanuelax playing five beethoven cello concertos assured beauty amp 
Manhattan,_NY Atlanta,_GA verlaine bar amp lounge verlainenyc new york ny 
Philadelphia,_PA Atlanta,_GA youth day aftrschoolmttrs staff keep grinding beststaff 
Chicago,_IL Atlanta,_GA showtime davidbanner amp georgesmusic promontory 
Toronto,_Ontario Atlanta,_GA happyaniversary happywifehappylife angelini osteria 
San_Francisco,_CA Atlanta,_GA view way lunch __ san francisco california 
Houston,_TX Atlanta,_GA nicobraun_ lol season went mate lol 
Los_Angeles,_CA Atlanta,_GA weareamericannightmare coldcave23 thank new songs great americannightmare echo 
Toronto,_Ontario Atlanta,_GA can patient attawapiskat crisis ontario health minister hoskins says 
Houston,_TX Atlanta,_GA healthcare job might great fit regional manager houston tx hiring 
Houston,_TX Atlanta,_GA roots salon rootsmontrose houston tx 
Los_Angeles,_CA Atlanta,_GA project week almost wrapped good feeling move ticket completed __ builderofthings 
Manhattan,_NY Atlanta,_GA meee lol condom lol aprilfools funnyvines goodnight nochill followme vines 
Atlanta,_GA Atlanta,_GA samson c03u multi pattern usb mic review test bandrew scott 
Los_Angeles,_CA Atlanta,_GA hey guys griffith observatory 
Orlando,_FL Atlanta,_GA eff chase dad coulda struggled tights amp prince nooo much funnier big hairy guy drag 
Los_Angeles,_CA Atlanta,_GA los angeles international airport lax flylaxairport los angeles ca 
Manhattan,_NY Atlanta,_GA job might great fit software engineer newyork ny hiring 
Orlando,_FL Atlanta,_GA suspiciousperson 4 amp south st 32801 4 16 06 02 orlando centralbusinessdistrict 
Chicago,_IL Atlanta,_GA friday night bartending shenanigans innjoy chicago il 
Atlanta,_GA Atlanta,_GA __ official play txsuspringfest concert __ april 16th ______ whatsafterplies ____ 
Chicago,_IL Atlanta,_GA got champagne problems one way solve em raising glass cause loss 
Manhattan,_NY Atlanta,_GA __ new york stock exchange new york ny _______ __ kph __ __ 0m __ 
Los_Angeles,_CA Atlanta,_GA can cuter melrose punk dog cutedogs losangeles hollywood photo animals pets 
Los_Angeles,_CA Atlanta,_GA celebration celebration fuckthegiants godoyers dodger stadium 
Manhattan,_NY Atlanta,_GA keep calm happy christisothers crystals grand hyatt new york 
Toronto,_Ontario Atlanta,_GA dannyixxi killed tonight themodclub torontotalent amp vocalsonfleek jamband the6ix 
Los_Angeles,_CA Atlanta,_GA thursday vibes love la __ echo park lake 
Chicago,_IL Atlanta,_GA best diss song 2pac nas jay notoriousbig icecube chicago illinois 
Manhattan,_NY Atlanta,_GA soul journey 
Chicago,_IL Atlanta,_GA early mornin jogs fur child __ baker beach 
Boston,_MA Atlanta,_GA cannoli time mikespastry boston ma 
Chicago,_IL Atlanta,_GA place awesome rt chicagoist new logan square bar will make love mezcal 
Atlanta,_GA Atlanta,_GA lokillo entertainment vacca lounge dine drink turn party _____friday 
San_Francisco,_CA Atlanta,_GA everything dope everythingdope rockets rednation nba nbaplayoffs letsgoooooooooooo 
Manhattan,_NY Atlanta,_GA better view treadmill filter join us central park 5k fun run amp 
Chicago,_IL Atlanta,_GA can recommend anyone job aem senior business analyst chicago il businessmgmt hiring 
Toronto,_Ontario Atlanta,_GA rihanna lights antiworldtour air canada centre 
Orlando,_FL Atlanta,_GA attemptedsuicide 100 hughey ave 32801 4 16 03 47 orlando holdenparramore 
Boston,_MA Atlanta,_GA love neighborhood outsideisfree via marisol park 
Los_Angeles,_CA Atlanta,_GA celebrating bachelorette prior level function sober __ 
Los_Angeles,_CA Atlanta,_GA yet another new awesome pin jacket ________ pingame pins cute kawaii style fashion 
Houston,_TX Atlanta,_GA re transportation professional houston tx check job hiring 
San_Francisco,_CA Atlanta,_GA lombard street san francisco ca 
Manhattan,_NY Atlanta,_GA southbeachsaturdays waliwuu__ streetbosses realfamment south beach restauran lounge 
Los_Angeles,_CA Atlanta,_GA just posted photo wizarding world harry potter universal studios hollywood 
Manhattan,_NY Atlanta,_GA tgif going tonight lexington bar come hear sing starts 8pm amp 
San_Diego,_CA Atlanta,_GA can recommend anyone sales job sandiego ca hiring careerarc 
San_Francisco,_CA Atlanta,_GA tonight guest speakers screening jumbo wild mia monroe park ranger 
Atlanta,_GA Atlanta,_GA 1 9 bout time 1 braves atlanta atlantabraves mlb cut4 tomahawkshotgun atl 
Toronto,_Ontario Atlanta,_GA taller tower nofilter nofoolin park play toronto music garden 
Los_Angeles,_CA Atlanta,_GA dis faka waiting outside tonight pau work hawaii 808 aiea kamehameha 
Houston,_TX Atlanta,_GA __ ______ sutro heights park 
Washington,_DC Atlanta,_GA curmudgeon survives still pours left 2013 founders curmudgeon 8 10oz 
Manhattan,_NY Atlanta,_GA random bowie tribute nyc bond street 
Manhattan,_NY Atlanta,_GA back 30 rock nyc rockefeller center 
Houston,_TX Atlanta,_GA dawg drudetheartist peepin peepinvideoshoot follow houston2media right touch detail 
Toronto,_Ontario Atlanta,_GA firstlady canada primeministerswife sophie cafawards fashionnights fashionismylife 
Boston,_MA Atlanta,_GA alhamdulilah finished first year uni anywhoooo summer 
Washington,_DC Atlanta,_GA hawai looking hire teachers mainland takers 
Houston,_TX Atlanta,_GA house blues line cooks house blues houston tx hospitality veterans job jobs hiring careerarc 
Manhattan,_NY Atlanta,_GA tonight beautybarnyc happy hour 6 30 11 pm indie new wave post punk soul etc __ 
Chicago,_IL Atlanta,_GA 1400 michigan gym chicago il 
Houston,_TX Atlanta,_GA sr patient liaison houston methodist west hospital houston tx job jobs hiring careerarc 
San_Francisco,_CA Atlanta,_GA bangs hairbysammyoliver redhead lorealprofessionnel sf sfsalon hairstylist randcohair 
Los_Angeles,_CA Atlanta,_GA ve done lot cool things love far coolest thing ever happened 
Chicago,_IL Atlanta,_GA want work dell re hiring chicago il click details businessmgmt delljobs job jobs 
Los_Angeles,_CA Atlanta,_GA today perfect day love coffee today 
Los_Angeles,_CA Atlanta,_GA heartbeat jonathan horan 
Washington,_DC Atlanta,_GA giaskova modeling model joshua shultz photography 
Atlanta,_GA Atlanta,_GA delaware north supervisor atlanta ga hospitality job jobs hiring careerarc 
Houston,_TX Atlanta,_GA moment spotify robot suggests arvo rtfor fo 
Manhattan,_NY Atlanta,_GA cattvision 
Manhattan,_NY Atlanta,_GA ars disney space station longer seems like goofy idea 
Manhattan,_NY Atlanta,_GA thanks kevondoylejones emergechange kicking socap365 impacthubnyc impact hub nyc 
Houston,_TX Atlanta,_GA join bmc software team see latest job opening workatbmc houston tx hiring 
Houston,_TX Atlanta,_GA trendsetter themarjacobs trending malepolish jinstagram jinsoon hand amp foot spa 
Houston,_TX Atlanta,_GA want work languageline solutions re hiring houston tx click details interpreter bilingual 
Los_Angeles,_CA Atlanta,_GA wonderful los angeles california 
Orlando,_FL Atlanta,_GA hogwartz wizarding world harry potter universal studios hollywood 
Los_Angeles,_CA Atlanta,_GA delight law lord law meditates day night shall 
San_Francisco,_CA Atlanta,_GA today view salesforce hq salesforce 
Atlanta,_GA Atlanta,_GA lil doodle cumbiamachin djing thediscopunk thelocalsd mrsticker aka 
San_Francisco,_CA Atlanta,_GA sfballet program 7 justin peck countenance kings war memorial opera house san francisco ca 
Orlando,_FL Atlanta,_GA antenna performing el taller springsounds growingunderground beautyeverywhere 
Manhattan,_NY Atlanta,_GA glass wine amp waiting ballerina muka 
Los_Angeles,_CA Atlanta,_GA interested art job near westside ca great fit hiring careerarc 
Philadelphia,_PA Atlanta,_GA happy rustlord_cityview weekend __ center city philly 
Manhattan,_NY Atlanta,_GA long island 2016 citizens bank park 
Houston,_TX Atlanta,_GA rg emoleecheneats time numpang peppercorn catfish bahnmi ________ 
Los_Angeles,_CA Atlanta,_GA __ pale bangs lob bluntcut vintagelove goodnight girlies los angeles 
Atlanta,_GA Atlanta,_GA introduction dry shampoo 
Los_Angeles,_CA Atlanta,_GA see latest losangeles ca job click apply rn operating room nursing hiring careerarc 
Orlando,_FL Atlanta,_GA generaldisturbance 409 magnolia ave orlpol opd 
Manhattan,_NY Atlanta,_GA nyfw modeloffduty kirstinliljegren milk studios 
Atlanta,_GA Atlanta,_GA entertainment justinbieber team purposeworldtour2016 
Washington,_DC Atlanta,_GA thestruggleisreal gradschoolgrind gradschoolproblems graduatescholar gradschool realtalk 
Houston,_TX Atlanta,_GA good morning 290 eisenhower 
Los_Angeles,_CA Atlanta,_GA town la __ djdannig freedom fly jump downtown la downtownla trowback funk feelfree 
San_Diego,_CA Atlanta,_GA want work cvs health re hiring lajolla ca click details retail job jobs careerarc 
Chicago,_IL Atlanta,_GA can recommend anyone job training content specialist chicago il education hiring careerarc 
Toronto,_Ontario Atlanta,_GA attitude rihanna __ antiworldtour air canada centre 
Boston,_MA Atlanta,_GA murphy law 837 summer st south boston failed check 2nd time details 
Los_Angeles,_CA Atlanta,_GA odd market autry museum tonight 11 food trucks live band kid zone 
Manhattan,_NY Atlanta,_GA open eyes beautiful film deep tribeca film 
Philadelphia,_PA Atlanta,_GA closed due demonstration philadelphia broad st nb sb girard ave spg garden st traffic 
